<?xml version="1.0" encoding="UTF-8"?>
<!-- Generated by org.testng.reporters.JUnitXMLReporter -->
<testsuite ignored="0" hostname="LAPTOP-PK0IHITU" failures="0" tests="1" name="Test" time="1.635" errors="0" timestamp="2020-08-09T19:49:51 IST">
  <testcase classname="com.amazon.pages.BaseClass" name="@BeforeClass Setup" time="1.601">
    <failure type="org.openqa.selenium.SessionNotCreatedException" message="session not created: This version of ChromeDriver only supports Chrome version 77
Build info: version: &amp;apos;3.14.0&amp;apos;, revision: &amp;apos;aacccce0&amp;apos;, time: &amp;apos;2018-08-02T20:19:58.91Z&amp;apos;
System info: host: &amp;apos;LAPTOP-PK0IHITU&amp;apos;, ip: &amp;apos;192.168.2.107&amp;apos;, os.name: &amp;apos;Windows 10&amp;apos;, os.arch: &amp;apos;amd64&amp;apos;, os.version: &amp;apos;10.0&amp;apos;, java.version: &amp;apos;13&amp;apos;
Driver info: driver.version: ChromeDriver
remote stacktrace: Backtrace:
	Ordinal0 [0x0050EB13+1501971]
	Ordinal0 [0x0048F6D1+980689]
	Ordinal0 [0x0041765F+489055]
	Ordinal0 [0x003AF2F4+62196]
	Ordinal0 [0x003ABCDA+48346]
	Ordinal0 [0x003C9800+169984]
	Ordinal0 [0x003C942D+169005]
	Ordinal0 [0x003C78EB+162027]
	Ordinal0 [0x003B0AC7+68295]
	Ordinal0 [0x003B1B40+72512]
	Ordinal0 [0x003B1AD9+72409]
	Ordinal0 [0x004A8F37+1085239]
	GetHandleVerifier [0x005AD7ED+503293]
	GetHandleVerifier [0x005AD580+502672]
	GetHandleVerifier [0x005B46AC+531644]
	GetHandleVerifier [0x005ADFFA+505354]
	Ordinal0 [0x004A0606+1050118]
	Ordinal0 [0x004A047F+1049727]
	Ordinal0 [0x004AAF9B+1093531]
	Ordinal0 [0x004AB103+1093891]
	Ordinal0 [0x004AA095+1089685]
	BaseThreadInitThunk [0x76D76359+25]
	RtlGetAppContainerNamedObjectPath [0x77787C24+228]
	RtlGetAppContainerNamedObjectPath [0x77787BF4+180]
">
      <![CDATA[org.openqa.selenium.SessionNotCreatedException: session not created: This version of ChromeDriver only supports Chrome version 77
Build info: version: '3.14.0', revision: 'aacccce0', time: '2018-08-02T20:19:58.91Z'
System info: host: 'LAPTOP-PK0IHITU', ip: '192.168.2.107', os.name: 'Windows 10', os.arch: 'amd64', os.version: '10.0', java.version: '13'
Driver info: driver.version: ChromeDriver
remote stacktrace: Backtrace:
Ordinal0 [0x0050EB13+1501971]
Ordinal0 [0x0048F6D1+980689]
Ordinal0 [0x0041765F+489055]
Ordinal0 [0x003AF2F4+62196]
Ordinal0 [0x003ABCDA+48346]
Ordinal0 [0x003C9800+169984]
Ordinal0 [0x003C942D+169005]
Ordinal0 [0x003C78EB+162027]
Ordinal0 [0x003B0AC7+68295]
Ordinal0 [0x003B1B40+72512]
Ordinal0 [0x003B1AD9+72409]
Ordinal0 [0x004A8F37+1085239]
GetHandleVerifier [0x005AD7ED+503293]
GetHandleVerifier [0x005AD580+502672]
GetHandleVerifier [0x005B46AC+531644]
GetHandleVerifier [0x005ADFFA+505354]
Ordinal0 [0x004A0606+1050118]
Ordinal0 [0x004A047F+1049727]
Ordinal0 [0x004AAF9B+1093531]
Ordinal0 [0x004AB103+1093891]
Ordinal0 [0x004AA095+1089685]
BaseThreadInitThunk [0x76D76359+25]
RtlGetAppContainerNamedObjectPath [0x77787C24+228]
RtlGetAppContainerNamedObjectPath [0x77787BF4+180]

at org.openqa.selenium.remote.W3CHandshakeResponse.lambda$new$0(W3CHandshakeResponse.java:57)
at org.openqa.selenium.remote.W3CHandshakeResponse.lambda$getResponseFunction$2(W3CHandshakeResponse.java:104)
at org.openqa.selenium.remote.ProtocolHandshake.lambda$createSession$0(ProtocolHandshake.java:122)
at java.base/java.util.stream.ReferencePipeline$3$1.accept(ReferencePipeline.java:195)
at java.base/java.util.Spliterators$ArraySpliterator.tryAdvance(Spliterators.java:958)
at java.base/java.util.stream.ReferencePipeline.forEachWithCancel(ReferencePipeline.java:127)
at java.base/java.util.stream.AbstractPipeline.copyIntoWithCancel(AbstractPipeline.java:502)
at java.base/java.util.stream.AbstractPipeline.copyInto(AbstractPipeline.java:488)
at java.base/java.util.stream.AbstractPipeline.wrapAndCopyInto(AbstractPipeline.java:474)
at java.base/java.util.stream.FindOps$FindOp.evaluateSequential(FindOps.java:150)
at java.base/java.util.stream.AbstractPipeline.evaluate(AbstractPipeline.java:234)
at java.base/java.util.stream.ReferencePipeline.findFirst(ReferencePipeline.java:543)
at org.openqa.selenium.remote.ProtocolHandshake.createSession(ProtocolHandshake.java:125)
at org.openqa.selenium.remote.ProtocolHandshake.createSession(ProtocolHandshake.java:73)
at org.openqa.selenium.remote.HttpCommandExecutor.execute(HttpCommandExecutor.java:136)
at org.openqa.selenium.remote.service.DriverCommandExecutor.execute(DriverCommandExecutor.java:83)
at org.openqa.selenium.remote.RemoteWebDriver.execute(RemoteWebDriver.java:548)
at org.openqa.selenium.remote.RemoteWebDriver.startSession(RemoteWebDriver.java:212)
at org.openqa.selenium.remote.RemoteWebDriver.<init>(RemoteWebDriver.java:130)
at org.openqa.selenium.chrome.ChromeDriver.<init>(ChromeDriver.java:181)
at org.openqa.selenium.chrome.ChromeDriver.<init>(ChromeDriver.java:168)
at org.openqa.selenium.chrome.ChromeDriver.<init>(ChromeDriver.java:123)
at com.amazon.utilities.BrowserFactory.startApplication(BrowserFactory.java:15)
at com.amazon.pages.BaseClass.Setup(BaseClass.java:44)
at java.base/java.util.ArrayList.forEach(ArrayList.java:1507)
... Removed 30 stack frames]]>
    </failure>
  </testcase> <!-- @BeforeClass Setup -->
  <testcase classname="com.amazon.pages.BaseClass" name="@AfterMethod teardownMethod" time="-1.596982791583E9">
    <skipped/>
  </testcase> <!-- @AfterMethod teardownMethod -->
  <testcase classname="com.amazon.pages.BaseClass" name="@AfterClass Teardown" time="-1.596982791585E9">
    <skipped/>
  </testcase> <!-- @AfterClass Teardown -->
  <testcase classname="com.amazon.testcases.LoginTestcase" name="loginApp" time="0.0">
    <skipped/>
  </testcase> <!-- loginApp -->
</testsuite> <!-- Test -->
