<?xml version="1.0" encoding="UTF-8"?>
<!-- Generated by org.testng.reporters.JUnitReportReporter -->
<testsuite hostname="LAPTOP-PK0IHITU" failures="0" tests="2" name="com.amazon.testcases.LoginTestcase" time="1.601" errors="1" timestamp="2020-08-09T19:49:51 IST" skipped="1">
  <testcase classname="com.amazon.testcases.LoginTestcase" name="loginApp" time="0.000">
    <skipped/>
  </testcase> <!-- loginApp -->
  <testcase classname="com.amazon.testcases.LoginTestcase" name="Setup" time="1.601">
    <error message="session not created: This version of ChromeDriver only supports Chrome version 77
Build info: version: &#039;3.14.0&#039;, revision: &#039;aacccce0&#039;, time: &#039;2018-08-02T20:19:58.91Z&#039;
System info: host: &#039;LAPTOP-PK0IHITU&#039;, ip: &#039;192.168.2.107&#039;, os.name: &#039;Windows 10&#039;, os.arch: &#039;amd64&#039;, os.version: &#039;10.0&#039;, java.version: &#039;13&#039;
Driver info: driver.version: ChromeDriver
remote stacktrace: Backtrace:
	Ordinal0 [0x0050EB13+1501971]
	Ordinal0 [0x0048F6D1+980689]
	Ordinal0 [0x0041765F+489055]
	Ordinal0 [0x003AF2F4+62196]
	Ordinal0 [0x003ABCDA+48346]
	Ordinal0 [0x003C9800+169984]
	Ordinal0 [0x003C942D+169005]
	Ordinal0 [0x003C78EB+162027]
	Ordinal0 [0x003B0AC7+68295]
	Ordinal0 [0x003B1B40+72512]
	Ordinal0 [0x003B1AD9+72409]
	Ordinal0 [0x004A8F37+1085239]
	GetHandleVerifier [0x005AD7ED+503293]
	GetHandleVerifier [0x005AD580+502672]
	GetHandleVerifier [0x005B46AC+531644]
	GetHandleVerifier [0x005ADFFA+505354]
	Ordinal0 [0x004A0606+1050118]
	Ordinal0 [0x004A047F+1049727]
	Ordinal0 [0x004AAF9B+1093531]
	Ordinal0 [0x004AB103+1093891]
	Ordinal0 [0x004AA095+1089685]
	BaseThreadInitThunk [0x76D76359+25]
	RtlGetAppContainerNamedObjectPath [0x77787C24+228]
	RtlGetAppContainerNamedObjectPath [0x77787BF4+180]
" type="org.openqa.selenium.SessionNotCreatedException">
      <![CDATA[org.openqa.selenium.SessionNotCreatedException: session not created: This version of ChromeDriver only supports Chrome version 77
Build info: version: '3.14.0', revision: 'aacccce0', time: '2018-08-02T20:19:58.91Z'
System info: host: 'LAPTOP-PK0IHITU', ip: '192.168.2.107', os.name: 'Windows 10', os.arch: 'amd64', os.version: '10.0', java.version: '13'
Driver info: driver.version: ChromeDriver
remote stacktrace: Backtrace:
Ordinal0 [0x0050EB13+1501971]
Ordinal0 [0x0048F6D1+980689]
Ordinal0 [0x0041765F+489055]
Ordinal0 [0x003AF2F4+62196]
Ordinal0 [0x003ABCDA+48346]
Ordinal0 [0x003C9800+169984]
Ordinal0 [0x003C942D+169005]
Ordinal0 [0x003C78EB+162027]
Ordinal0 [0x003B0AC7+68295]
Ordinal0 [0x003B1B40+72512]
Ordinal0 [0x003B1AD9+72409]
Ordinal0 [0x004A8F37+1085239]
GetHandleVerifier [0x005AD7ED+503293]
GetHandleVerifier [0x005AD580+502672]
GetHandleVerifier [0x005B46AC+531644]
GetHandleVerifier [0x005ADFFA+505354]
Ordinal0 [0x004A0606+1050118]
Ordinal0 [0x004A047F+1049727]
Ordinal0 [0x004AAF9B+1093531]
Ordinal0 [0x004AB103+1093891]
Ordinal0 [0x004AA095+1089685]
BaseThreadInitThunk [0x76D76359+25]
RtlGetAppContainerNamedObjectPath [0x77787C24+228]
RtlGetAppContainerNamedObjectPath [0x77787BF4+180]

at java.base/jdk.internal.reflect.NativeConstructorAccessorImpl.newInstance0(Native Method)
at java.base/jdk.internal.reflect.NativeConstructorAccessorImpl.newInstance(NativeConstructorAccessorImpl.java:62)
at java.base/jdk.internal.reflect.DelegatingConstructorAccessorImpl.newInstance(DelegatingConstructorAccessorImpl.java:45)
at java.base/java.lang.reflect.Constructor.newInstanceWithCaller(Constructor.java:500)
at java.base/java.lang.reflect.Constructor.newInstance(Constructor.java:481)
at org.openqa.selenium.remote.W3CHandshakeResponse.lambda$new$0(W3CHandshakeResponse.java:57)
at org.openqa.selenium.remote.W3CHandshakeResponse.lambda$getResponseFunction$2(W3CHandshakeResponse.java:104)
at org.openqa.selenium.remote.ProtocolHandshake.lambda$createSession$0(ProtocolHandshake.java:122)
at java.base/java.util.stream.ReferencePipeline$3$1.accept(ReferencePipeline.java:195)
at java.base/java.util.Spliterators$ArraySpliterator.tryAdvance(Spliterators.java:958)
at java.base/java.util.stream.ReferencePipeline.forEachWithCancel(ReferencePipeline.java:127)
at java.base/java.util.stream.AbstractPipeline.copyIntoWithCancel(AbstractPipeline.java:502)
at java.base/java.util.stream.AbstractPipeline.copyInto(AbstractPipeline.java:488)
at java.base/java.util.stream.AbstractPipeline.wrapAndCopyInto(AbstractPipeline.java:474)
at java.base/java.util.stream.FindOps$FindOp.evaluateSequential(FindOps.java:150)
at java.base/java.util.stream.AbstractPipeline.evaluate(AbstractPipeline.java:234)
at java.base/java.util.stream.ReferencePipeline.findFirst(ReferencePipeline.java:543)
at org.openqa.selenium.remote.ProtocolHandshake.createSession(ProtocolHandshake.java:125)
at org.openqa.selenium.remote.ProtocolHandshake.createSession(ProtocolHandshake.java:73)
at org.openqa.selenium.remote.HttpCommandExecutor.execute(HttpCommandExecutor.java:136)
at org.openqa.selenium.remote.service.DriverCommandExecutor.execute(DriverCommandExecutor.java:83)
at org.openqa.selenium.remote.RemoteWebDriver.execute(RemoteWebDriver.java:548)
at org.openqa.selenium.remote.RemoteWebDriver.startSession(RemoteWebDriver.java:212)
at org.openqa.selenium.remote.RemoteWebDriver.<init>(RemoteWebDriver.java:130)
at org.openqa.selenium.chrome.ChromeDriver.<init>(ChromeDriver.java:181)
at org.openqa.selenium.chrome.ChromeDriver.<init>(ChromeDriver.java:168)
at org.openqa.selenium.chrome.ChromeDriver.<init>(ChromeDriver.java:123)
at com.amazon.utilities.BrowserFactory.startApplication(BrowserFactory.java:15)
at com.amazon.pages.BaseClass.Setup(BaseClass.java:44)
at java.base/jdk.internal.reflect.NativeMethodAccessorImpl.invoke0(Native Method)
at java.base/jdk.internal.reflect.NativeMethodAccessorImpl.invoke(NativeMethodAccessorImpl.java:62)
at java.base/jdk.internal.reflect.DelegatingMethodAccessorImpl.invoke(DelegatingMethodAccessorImpl.java:43)
at java.base/java.lang.reflect.Method.invoke(Method.java:567)
at org.testng.internal.MethodInvocationHelper.invokeMethod(MethodInvocationHelper.java:133)
at org.testng.internal.MethodInvocationHelper.invokeMethodConsideringTimeout(MethodInvocationHelper.java:62)
at org.testng.internal.ConfigInvoker.invokeConfigurationMethod(ConfigInvoker.java:340)
at org.testng.internal.ConfigInvoker.invokeConfigurations(ConfigInvoker.java:294)
at org.testng.internal.TestMethodWorker.invokeBeforeClassMethods(TestMethodWorker.java:176)
at org.testng.internal.TestMethodWorker.run(TestMethodWorker.java:122)
at java.base/java.util.ArrayList.forEach(ArrayList.java:1507)
at org.testng.TestRunner.privateRun(TestRunner.java:770)
at org.testng.TestRunner.run(TestRunner.java:591)
at org.testng.SuiteRunner.runTest(SuiteRunner.java:402)
at org.testng.SuiteRunner.runSequentially(SuiteRunner.java:396)
at org.testng.SuiteRunner.privateRun(SuiteRunner.java:355)
at org.testng.SuiteRunner.run(SuiteRunner.java:304)
at org.testng.SuiteRunnerWorker.runSuite(SuiteRunnerWorker.java:53)
at org.testng.SuiteRunnerWorker.run(SuiteRunnerWorker.java:96)
at org.testng.TestNG.runSuitesSequentially(TestNG.java:1180)
at org.testng.TestNG.runSuitesLocally(TestNG.java:1102)
at org.testng.TestNG.runSuites(TestNG.java:1032)
at org.testng.TestNG.run(TestNG.java:1000)
at org.testng.remote.AbstractRemoteTestNG.run(AbstractRemoteTestNG.java:115)
at org.testng.remote.RemoteTestNG.initAndRun(RemoteTestNG.java:251)
at org.testng.remote.RemoteTestNG.main(RemoteTestNG.java:77)
]]>
    </error>
  </testcase> <!-- Setup -->
</testsuite> <!-- com.amazon.testcases.LoginTestcase -->
